<?xml version="1.0" encoding="UTF-8"?>
<testsuite xmlns:xsi="http://www.w3.org/2001/XMLSchema-instance" xsi:noNamespaceSchemaLocation="https://maven.apache.org/surefire/maven-surefire-plugin/xsd/surefire-test-report-3.0.xsd" version="3.0" name="org.example.SwagLabs.SwagLabsTest" time="60.301" tests="6" errors="0" skipped="0" failures="0">
  <properties>
[...]
</properties>
  <testcase name="Test_1" classname="org.example.SwagLabs.SwagLabsTest" time="8.717">
    <system-out><![CDATA[13:10:23.735 [main] INFO  org.example.Pages.SwagLabsPage.PageObjects.LoginPage - Enter Login Information
13:10:23.735 [main] INFO  org.example.Pages.SwagLabsPage.PageObjects.LoginPage - Enter Username
13:10:23.904 [main] INFO  org.example.Pages.SwagLabsPage.PageObjects.LoginPage - Enter Password
13:10:24.036 [main] INFO  org.example.Pages.SwagLabsPage.PageObjects.LoginPage - Click Login Button
]]></system-out>
    <system-err><![CDATA[Starting ChromeDriver 113.0.5672.63 (0e1a4471d5ae5bf128b1bd8f4d627c8cbd55f70c-refs/branch-heads/5672@{#912}) on port 29715
Only local connections are allowed.
Please see https://chromedriver.chromium.org/security-considerations for suggestions on keeping ChromeDriver safe.
ChromeDriver was started successfully.
May 30, 2023 1:10:23 PM org.openqa.selenium.devtools.CdpVersionFinder findNearestMatch
WARNING: Unable to find an exact match for CDP version 113, so returning the closest version found: 111
]]></system-err>
  </testcase>
  <testcase name="Test_2" classname="org.example.SwagLabs.SwagLabsTest" time="8.211">
    <system-out><![CDATA[13:10:32.031 [main] INFO  org.example.Pages.SwagLabsPage.PageObjects.LoginPage - Enter Login Information
13:10:32.031 [main] INFO  org.example.Pages.SwagLabsPage.PageObjects.LoginPage - Enter Username
13:10:32.228 [main] INFO  org.example.Pages.SwagLabsPage.PageObjects.LoginPage - Enter Password
13:10:32.371 [main] INFO  org.example.Pages.SwagLabsPage.PageObjects.LoginPage - Click Login Button
]]></system-out>
    <system-err><![CDATA[Starting ChromeDriver 113.0.5672.63 (0e1a4471d5ae5bf128b1bd8f4d627c8cbd55f70c-refs/branch-heads/5672@{#912}) on port 30512
Only local connections are allowed.
Please see https://chromedriver.chromium.org/security-considerations for suggestions on keeping ChromeDriver safe.
ChromeDriver was started successfully.
May 30, 2023 1:10:31 PM org.openqa.selenium.devtools.CdpVersionFinder findNearestMatch
WARNING: Unable to find an exact match for CDP version 113, so returning the closest version found: 111
]]></system-err>
  </testcase>
  <testcase name="Test_3" classname="org.example.SwagLabs.SwagLabsTest" time="10.329">
    <system-out><![CDATA[13:10:40.064 [main] INFO  org.example.Pages.SwagLabsPage.PageObjects.LoginPage - Enter Login Information
13:10:40.064 [main] INFO  org.example.Pages.SwagLabsPage.PageObjects.LoginPage - Enter Username
13:10:40.235 [main] INFO  org.example.Pages.SwagLabsPage.PageObjects.LoginPage - Enter Password
13:10:40.381 [main] INFO  org.example.Pages.SwagLabsPage.PageObjects.LoginPage - Click Login Button
13:10:40.589 [main] INFO  org.example.Pages.SwagLabsPage.PageObjects.InventoryPage - Click Product 1
13:10:40.731 [main] INFO  org.example.Pages.SwagLabsPage.PageObjects.InventoryItemPage - Click Add Item To Cart
13:10:40.820 [main] INFO  org.example.Pages.SwagLabsPage.PageObjects.InventoryItemPage - Click Shopping Cart Button
13:10:40.905 [main] INFO  org.example.Pages.SwagLabsPage.PageObjects.YourCartPage - Click Checkout Button
13:10:41.425 [main] INFO  org.example.Pages.SwagLabsPage.PageObjects.CheckoutPage - Enter Personal Checkout Information
13:10:41.533 [main] INFO  org.example.Pages.SwagLabsPage.PageObjects.CheckoutPage - Click Continue
13:10:41.665 [main] INFO  org.example.Pages.SwagLabsPage.PageObjects.CheckoutOverViewPage - Click Finish Button
13:10:41.817 [main] INFO  org.example.Pages.SwagLabsPage.PageObjects.PostCheckoutPage - Click Go Back Home Button
13:10:41.923 [main] INFO  org.example.Pages.SwagLabsPage.PageObjects.InventoryPage - Open Side Action Bar
13:10:42.786 [main] INFO  org.example.Pages.SwagLabsPage.PageObjects.InventoryPage - Click Logout
]]></system-out>
    <system-err><![CDATA[Starting ChromeDriver 113.0.5672.63 (0e1a4471d5ae5bf128b1bd8f4d627c8cbd55f70c-refs/branch-heads/5672@{#912}) on port 23495
Only local connections are allowed.
Please see https://chromedriver.chromium.org/security-considerations for suggestions on keeping ChromeDriver safe.
ChromeDriver was started successfully.
May 30, 2023 1:10:39 PM org.openqa.selenium.devtools.CdpVersionFinder findNearestMatch
WARNING: Unable to find an exact match for CDP version 113, so returning the closest version found: 111
]]></system-err>
  </testcase>
  <testcase name="Test_4" classname="org.example.SwagLabs.SwagLabsTest" time="8.997">
    <system-out><![CDATA[13:10:51.051 [main] INFO  org.example.Pages.SwagLabsPage.PageObjects.LoginPage - Enter Login Information
13:10:51.051 [main] INFO  org.example.Pages.SwagLabsPage.PageObjects.LoginPage - Enter Username
13:10:51.246 [main] INFO  org.example.Pages.SwagLabsPage.PageObjects.LoginPage - Enter Password
13:10:51.365 [main] INFO  org.example.Pages.SwagLabsPage.PageObjects.LoginPage - Click Login Button
13:10:51.849 [main] INFO  org.example.Pages.SwagLabsPage.PageObjects.InventoryPage - Selected Filter
]]></system-out>
    <system-err><![CDATA[Starting ChromeDriver 113.0.5672.63 (0e1a4471d5ae5bf128b1bd8f4d627c8cbd55f70c-refs/branch-heads/5672@{#912}) on port 30562
Only local connections are allowed.
Please see https://chromedriver.chromium.org/security-considerations for suggestions on keeping ChromeDriver safe.
ChromeDriver was started successfully.
May 30, 2023 1:10:50 PM org.openqa.selenium.devtools.CdpVersionFinder findNearestMatch
WARNING: Unable to find an exact match for CDP version 113, so returning the closest version found: 111
]]></system-err>
  </testcase>
  <testcase name="Test_5" classname="org.example.SwagLabs.SwagLabsTest" time="14.494">
    <system-out><![CDATA[13:11:00.620 [main] INFO  org.example.Pages.SwagLabsPage.PageObjects.LoginPage - Enter Login Information
13:11:00.620 [main] INFO  org.example.Pages.SwagLabsPage.PageObjects.LoginPage - Enter Username
13:11:00.781 [main] INFO  org.example.Pages.SwagLabsPage.PageObjects.LoginPage - Enter Password
13:11:00.917 [main] INFO  org.example.Pages.SwagLabsPage.PageObjects.LoginPage - Click Login Button
13:11:01.184 [main] INFO  org.example.Pages.SwagLabsPage.PageObjects.InventoryPage - Open Side Action Bar
13:11:01.864 [main] INFO  org.example.Pages.SwagLabsPage.PageObjects.InventoryPage - Click About Page
]]></system-out>
    <system-err><![CDATA[Starting ChromeDriver 113.0.5672.63 (0e1a4471d5ae5bf128b1bd8f4d627c8cbd55f70c-refs/branch-heads/5672@{#912}) on port 33675
Only local connections are allowed.
Please see https://chromedriver.chromium.org/security-considerations for suggestions on keeping ChromeDriver safe.
ChromeDriver was started successfully.
May 30, 2023 1:10:59 PM org.openqa.selenium.devtools.CdpVersionFinder findNearestMatch
WARNING: Unable to find an exact match for CDP version 113, so returning the closest version found: 111
]]></system-err>
  </testcase>
  <testcase name="Test_6" classname="org.example.SwagLabs.SwagLabsTest" time="9.532">
    <system-out><![CDATA[13:11:14.682 [main] INFO  org.example.Pages.SwagLabsPage.PageObjects.LoginPage - Enter Login Information
13:11:14.683 [main] INFO  org.example.Pages.SwagLabsPage.PageObjects.LoginPage - Enter Username
13:11:14.863 [main] INFO  org.example.Pages.SwagLabsPage.PageObjects.LoginPage - Enter Password
13:11:14.994 [main] INFO  org.example.Pages.SwagLabsPage.PageObjects.LoginPage - Click Login Button
13:11:15.184 [main] INFO  org.example.Pages.SwagLabsPage.PageObjects.InventoryPage - Click Product 1
13:11:15.311 [main] INFO  org.example.Pages.SwagLabsPage.PageObjects.InventoryItemPage - Click Add Item To Cart
13:11:15.435 [main] INFO  org.example.Pages.SwagLabsPage.PageObjects.InventoryItemPage - Click Remove Item From Cart
13:11:15.525 [main] INFO  org.example.Pages.SwagLabsPage.PageObjects.InventoryItemPage - Click Back Button
13:11:15.549 [main] INFO  org.example.Pages.SwagLabsPage.PageObjects.InventoryPage - Click Product 2
13:11:15.618 [main] INFO  org.example.Pages.SwagLabsPage.PageObjects.InventoryItemPage - Click Add Item To Cart
13:11:15.752 [main] INFO  org.example.Pages.SwagLabsPage.PageObjects.InventoryItemPage - Click Remove Item From Cart
13:11:15.861 [main] INFO  org.example.Pages.SwagLabsPage.PageObjects.InventoryItemPage - Click Back Button
]]></system-out>
    <system-err><![CDATA[Starting ChromeDriver 113.0.5672.63 (0e1a4471d5ae5bf128b1bd8f4d627c8cbd55f70c-refs/branch-heads/5672@{#912}) on port 23957
Only local connections are allowed.
Please see https://chromedriver.chromium.org/security-considerations for suggestions on keeping ChromeDriver safe.
ChromeDriver was started successfully.
May 30, 2023 1:11:13 PM org.openqa.selenium.devtools.CdpVersionFinder findNearestMatch
WARNING: Unable to find an exact match for CDP version 113, so returning the closest version found: 111
]]></system-err>
  </testcase>
</testsuite>